This is pdfTeX, Version 3.1415926-2.5-1.40.14 (TeX Live 2013/Debian) (format=pdflatex 2016.4.23)  24 APR 2016 12:49
entering extended mode
 restricted \write18 enabled.
 %&-line parsing enabled.
**modelo_informe.tex
(./modelo_informe.tex
LaTeX2e <2011/06/27>
Babel <3.9h> and hyphenation patterns for 7 languages loaded.
(/usr/share/texlive/texmf-dist/tex/latex/base/article.cls
Document Class: article 2007/10/19 v1.4h Standard LaTeX document class
(/usr/share/texlive/texmf-dist/tex/latex/base/size10.clo
File: size10.clo 2007/10/19 v1.4h Standard LaTeX file (size option)
)
\c@part=\count79
\c@section=\count80
\c@subsection=\count81
\c@subsubsection=\count82
\c@paragraph=\count83
\c@subparagraph=\count84
\c@figure=\count85
\c@table=\count86
\abovecaptionskip=\skip41
\belowcaptionskip=\skip42
\bibindent=\dimen102
)
(/usr/share/texlive/texmf-dist/tex/latex/graphics/graphicx.sty
Package: graphicx 1999/02/16 v1.0f Enhanced LaTeX Graphics (DPC,SPQR)

(/usr/share/texlive/texmf-dist/tex/latex/graphics/keyval.sty
Package: keyval 1999/03/16 v1.13 key=value parser (DPC)
\KV@toks@=\toks14
)
(/usr/share/texlive/texmf-dist/tex/latex/graphics/graphics.sty
Package: graphics 2009/02/05 v1.0o Standard LaTeX Graphics (DPC,SPQR)

(/usr/share/texlive/texmf-dist/tex/latex/graphics/trig.sty
Package: trig 1999/03/16 v1.09 sin cos tan (DPC)
)
(/usr/share/texlive/texmf-dist/tex/latex/latexconfig/graphics.cfg
File: graphics.cfg 2010/04/23 v1.9 graphics configuration of TeX Live
)
Package graphics Info: Driver file: pdftex.def on input line 91.

(/usr/share/texlive/texmf-dist/tex/latex/pdftex-def/pdftex.def
File: pdftex.def 2011/05/27 v0.06d Graphics/color for pdfTeX

(/usr/share/texlive/texmf-dist/tex/generic/oberdiek/infwarerr.sty
Package: infwarerr 2010/04/08 v1.3 Providing info/warning/error messages (HO)
)
(/usr/share/texlive/texmf-dist/tex/generic/oberdiek/ltxcmds.sty
Package: ltxcmds 2011/11/09 v1.22 LaTeX kernel commands for general use (HO)
)
\Gread@gobject=\count87
))
\Gin@req@height=\dimen103
\Gin@req@width=\dimen104
)
(/usr/share/texlive/texmf-dist/tex/latex/base/inputenc.sty
Package: inputenc 2008/03/30 v1.1d Input encoding file
\inpenc@prehook=\toks15
\inpenc@posthook=\toks16

(/usr/share/texlive/texmf-dist/tex/latex/base/latin1.def
File: latin1.def 2008/03/30 v1.1d Input encoding file
))
(/usr/share/texlive/texmf-dist/tex/generic/babel/babel.sty
Package: babel 2013/12/03 3.9h The Babel package

(/usr/share/texlive/texmf-dist/tex/generic/babel-spanish/spanish.ldf
Language: spanish.ldf 2014/01/29 v5.0m Spanish support from the babel system

(/usr/share/texlive/texmf-dist/tex/generic/babel/babel.def
File: babel.def 2013/12/03 3.9h Babel common definitions
\babel@savecnt=\count88
\U@D=\dimen105
)
\es@datefmt=\count89
\es@quottoks=\toks17
\es@quotdepth=\count90
Package babel Info: Making " an active character on input line 496.
Package babel Info: Making . an active character on input line 599.
Package babel Info: Making < an active character on input line 644.
Package babel Info: Making > an active character on input line 644.
))
(./modelo_informe.aux
LaTeX Info: Redefining \. on input line 6.
LaTeX Info: Redefining \% on input line 6.
)
\openout1 = `modelo_informe.aux'.

LaTeX Font Info:    Checking defaults for OML/cmm/m/it on input line 41.
LaTeX Font Info:    ... okay on input line 41.
LaTeX Font Info:    Checking defaults for T1/cmr/m/n on input line 41.
LaTeX Font Info:    ... okay on input line 41.
LaTeX Font Info:    Checking defaults for OT1/cmr/m/n on input line 41.
LaTeX Font Info:    ... okay on input line 41.
LaTeX Font Info:    Checking defaults for OMS/cmsy/m/n on input line 41.
LaTeX Font Info:    ... okay on input line 41.
LaTeX Font Info:    Checking defaults for OMX/cmex/m/n on input line 41.
LaTeX Font Info:    ... okay on input line 41.
LaTeX Font Info:    Checking defaults for U/cmr/m/n on input line 41.
LaTeX Font Info:    ... okay on input line 41.

(/usr/share/texlive/texmf-dist/tex/context/base/supp-pdf.mkii
[Loading MPS to PDF converter (version 2006.09.02).]
\scratchcounter=\count91
\scratchdimen=\dimen106
\scratchbox=\box26
\nofMPsegments=\count92
\nofMParguments=\count93
\everyMPshowfont=\toks18
\MPscratchCnt=\count94
\MPscratchDim=\dimen107
\MPnumerator=\count95
\makeMPintoPDFobject=\count96
\everyMPtoPDFconversion=\toks19
) (/usr/share/texlive/texmf-dist/tex/generic/oberdiek/pdftexcmds.sty
Package: pdftexcmds 2011/11/29 v0.20 Utility functions of pdfTeX for LuaTeX (HO
)

(/usr/share/texlive/texmf-dist/tex/generic/oberdiek/ifluatex.sty
Package: ifluatex 2010/03/01 v1.3 Provides the ifluatex switch (HO)
Package ifluatex Info: LuaTeX not detected.
)
(/usr/share/texlive/texmf-dist/tex/generic/oberdiek/ifpdf.sty
Package: ifpdf 2011/01/30 v2.3 Provides the ifpdf switch (HO)
Package ifpdf Info: pdfTeX in PDF mode is detected.
)
Package pdftexcmds Info: LuaTeX not detected.
Package pdftexcmds Info: \pdf@primitive is available.
Package pdftexcmds Info: \pdf@ifprimitive is available.
Package pdftexcmds Info: \pdfdraftmode found.
)
(/usr/share/texlive/texmf-dist/tex/latex/oberdiek/epstopdf-base.sty
Package: epstopdf-base 2010/02/09 v2.5 Base part for package epstopdf

(/usr/share/texlive/texmf-dist/tex/latex/oberdiek/grfext.sty
Package: grfext 2010/08/19 v1.1 Manage graphics extensions (HO)

(/usr/share/texlive/texmf-dist/tex/generic/oberdiek/kvdefinekeys.sty
Package: kvdefinekeys 2011/04/07 v1.3 Define keys (HO)
))
(/usr/share/texlive/texmf-dist/tex/latex/oberdiek/kvoptions.sty
Package: kvoptions 2011/06/30 v3.11 Key value format for package options (HO)

(/usr/share/texlive/texmf-dist/tex/generic/oberdiek/kvsetkeys.sty
Package: kvsetkeys 2012/04/25 v1.16 Key value parser (HO)

(/usr/share/texlive/texmf-dist/tex/generic/oberdiek/etexcmds.sty
Package: etexcmds 2011/02/16 v1.5 Avoid name clashes with e-TeX commands (HO)
Package etexcmds Info: Could not find \expanded.
(etexcmds)             That can mean that you are not using pdfTeX 1.50 or
(etexcmds)             that some package has redefined \expanded.
(etexcmds)             In the latter case, load this package earlier.
)))
Package grfext Info: Graphics extension search list:
(grfext)             [.png,.pdf,.jpg,.mps,.jpeg,.jbig2,.jb2,.PNG,.PDF,.JPG,.JPE
G,.JBIG2,.JB2,.eps]
(grfext)             \AppendGraphicsExtensions on input line 452.

(/usr/share/texlive/texmf-dist/tex/latex/latexconfig/epstopdf-sys.cfg
File: epstopdf-sys.cfg 2010/07/13 v1.3 Configuration of (r)epstopdf for TeX Liv
e
))
LaTeX Info: Redefining \. on input line 41.
LaTeX Info: Redefining \% on input line 41.
LaTeX Font Info:    External font `cmex10' loaded for size
(Font)              <17.28> on input line 44.
LaTeX Font Info:    External font `cmex10' loaded for size
(Font)              <12> on input line 44.
LaTeX Font Info:    External font `cmex10' loaded for size
(Font)              <8> on input line 44.
LaTeX Font Info:    External font `cmex10' loaded for size
(Font)              <6> on input line 44.
Package epstopdf Info: Source file: <fig001.eps>
(epstopdf)                    date: 2016-04-13 23:59:30
(epstopdf)                    size: 6106 bytes
(epstopdf)             Output file: <fig001-eps-converted-to.pdf>
(epstopdf)                    date: 2016-04-13 23:59:30
(epstopdf)                    size: 5758 bytes
(epstopdf)             Command: <repstopdf --outfile=fig001-eps-converted-to.pd
f fig001.eps>
(epstopdf)             \includegraphics on input line 48.
Package epstopdf Info: Output file is already uptodate.

<fig001-eps-converted-to.pdf, id=1, 197.73875pt x 57.21375pt>
File: fig001-eps-converted-to.pdf Graphic file (type pdf)

<use fig001-eps-converted-to.pdf>
Package pdftex.def Info: fig001-eps-converted-to.pdf used on input line 48.
(pdftex.def)             Requested size: 172.5pt x 49.91173pt.
 [1

{/var/lib/texmf/fonts/map/pdftex/updmap/pdftex.map} <./fig001-eps-converted-to.
pdf>]
Overfull \hbox (38.86188pt too wide) in paragraph at lines 93--94
[]\OT1/cmr/m/n/10 Por lo tan-to el string a in-gre-sar va a ser de la si-guien-
te for-ma: ``xxxxxxx...xxxxDCBA''.
 []

[2]
Overfull \hbox (37.88882pt too wide) in paragraph at lines 101--102
\OT1/cmr/m/n/10 men-te, una uti-li-zan-do el string ``xxxxxxx...xxxxDCBA'' y ot
ra el ``xxxxxxx...xxxxABCD''
 []

[3] [4] [5]
Underfull \hbox (badness 10000) in paragraph at lines 239--240

 []

[6]
Package epstopdf Info: Source file: <Tabla1.eps>
(epstopdf)                    date: 2016-04-13 23:59:30
(epstopdf)                    size: 2036535 bytes
(epstopdf)             Output file: <Tabla1-eps-converted-to.pdf>
(epstopdf)             Command: <repstopdf --outfile=Tabla1-eps-converted-to.pd
f Tabla1.eps>
(epstopdf)             \includegraphics on input line 266.
runsystem(repstopdf --outfile=Tabla1-eps-converted-to.pdf Tabla1.eps)...execute
d safely (allowed).

Package epstopdf Info: Result file: <Tabla1-eps-converted-to.pdf>
(epstopdf)                    date: 2016-04-24 12:49:43
(epstopdf)                    size: 211027 bytes.
 <Tabla1-eps-converted-to.pdf, id=34, 580.1675pt x 327.2225pt>
File: Tabla1-eps-converted-to.pdf Graphic file (type pdf)

<use Tabla1-eps-converted-to.pdf>
Package pdftex.def Info: Tabla1-eps-converted-to.pdf used on input line 266.
(pdftex.def)             Requested size: 345.0pt x 194.58745pt.


LaTeX Warning: `!h' float specifier changed to `!ht'.

Package epstopdf Info: Source file: <Tabla2.eps>
(epstopdf)                    date: 2016-04-13 23:59:30
(epstopdf)                    size: 1736648 bytes
(epstopdf)             Output file: <Tabla2-eps-converted-to.pdf>
(epstopdf)             Command: <repstopdf --outfile=Tabla2-eps-converted-to.pd
f Tabla2.eps>
(epstopdf)             \includegraphics on input line 280.
runsystem(repstopdf --outfile=Tabla2-eps-converted-to.pdf Tabla2.eps)...execute
d safely (allowed).

Package epstopdf Info: Result file: <Tabla2-eps-converted-to.pdf>
(epstopdf)                    date: 2016-04-24 12:49:45
(epstopdf)                    size: 201210 bytes.
<Tabla2-eps-converted-to.pdf, id=35, 554.07pt x 291.0875pt>
File: Tabla2-eps-converted-to.pdf Graphic file (type pdf)

<use Tabla2-eps-converted-to.pdf>
Package pdftex.def Info: Tabla2-eps-converted-to.pdf used on input line 280.
(pdftex.def)             Requested size: 345.0pt x 181.24966pt.
 [7] [8 <./Tabla1-eps-converted-to.pdf> <./Tabla2-eps-converted-to.pdf>]
Overfull \hbox (106.49606pt too wide) in paragraph at lines 334--334
[]            \OT1/cmtt/m/n/10 iError = b64(cModo,argv[iIndexARG+2],argv[iIndex
ARG+4],B64_DEF_LINE_SIZE);[] 
 []

[9]
Overfull \hbox (321.74419pt too wide) in paragraph at lines 420--420
[]\OT1/cmtt/m/n/10 Esta funcion tiene como objetivo validar los parametros con 
las cuales se invoca el programa y determinar la respuesta adecuada[] 
 []


Overfull \hbox (137.99579pt too wide) in paragraph at lines 420--420
[]\OT1/cmtt/m/n/10 if(strcmp(argv[2],CONST_ARG_INPUT_NAME) == 0 && strcmp(argv[
4],CONST_ARG_OUTPUT_NAME) == 0){[] 
 []


Overfull \hbox (137.99579pt too wide) in paragraph at lines 420--420
[]\OT1/cmtt/m/n/10 if(strcmp(argv[1],CONST_ARG_INPUT_NAME) == 0 && strcmp(argv[
3],CONST_ARG_OUTPUT_NAME) == 0){[] 
 []

[10]
Overfull \hbox (137.99579pt too wide) in paragraph at lines 619--619
[]\OT1/cmtt/m/n/10 static const char cb64[]="ABCDEFGHIJKLMNOPQRSTUVWXYZabcdefgh
ijklmnopqrstuvwxyz0123456789+/";[] 
 []


Overfull \hbox (227.24501pt too wide) in paragraph at lines 619--619
[]\OT1/cmtt/m/n/10 static const char cd64[]="|$$$}rstuvwxyz{$$$$$$$>?@ABCDEFGHI
JKLMNOPQRSTUVW$$$$$$XYZ[\\]^_`abcdefghijklmnopq";[] 
 []

[11]
Overfull \hbox (27.74675pt too wide) in paragraph at lines 619--619
[]            \OT1/cmtt/m/n/10 "b64:003:File I/O Error -- Note: output file not
 removed.",[] 
 []


Overfull \hbox (153.74565pt too wide) in paragraph at lines 619--619
[]\OT1/cmtt/m/n/10 #define b64_message( ec ) ((ec > 0 && ec < B64_MAX_MESSAGES 
) ? b64_msgs[ ec ] : b64_msgs[ 0 ])[] 
 []


Overfull \hbox (38.24666pt too wide) in paragraph at lines 619--619
[]\OT1/cmtt/m/n/10 static void encodeblock( unsigned char *in, unsigned char *o
ut, int len )[] 
 []


Overfull \hbox (127.49588pt too wide) in paragraph at lines 619--619
[]    \OT1/cmtt/m/n/10 out[1] = (unsigned char) cb64[ (int)(((in[0] & 0x03) << 
4) | ((in[1] & 0xf0) >> 4)) ];[] 
 []


Overfull \hbox (221.99506pt too wide) in paragraph at lines 619--619
[]    \OT1/cmtt/m/n/10 out[2] = (unsigned char) (len > 1 ? cb64[ (int)(((in[1] 
& 0x0f) << 2) | ((in[2] & 0xc0) >> 6)) ] : '=');[] 
 []


Overfull \hbox (48.74657pt too wide) in paragraph at lines 619--619
[]    \OT1/cmtt/m/n/10 out[3] = (unsigned char) (len > 2 ? cb64[ (int)(in[2] & 
0x3f) ] : '=');[] 
 []

[12]
Overfull \hbox (1.49698pt too wide) in paragraph at lines 619--619
[]        \OT1/cmtt/m/n/10 for( len = 0, i = 0; i < 4 && feof( infile ) == 0; i
++ ) {[] 
 []


Overfull \hbox (17.24684pt too wide) in paragraph at lines 619--619
[]                \OT1/cmtt/m/n/10 v = ((v < 43 || v > 122) ? 0 : (int) cd64[ v
 - 43 ]);[] 
 []

[13]
Overfull \hbox (59.24648pt too wide) in paragraph at lines 619--619
[]\OT1/cmtt/m/n/10 static int b64( char opt, char *infilename, char *outfilenam
e, int linesize )[] 
 []


Overfull \hbox (1.49698pt too wide) in paragraph at lines 619--619
[]            \OT1/cmtt/m/n/10 if (ferror( infile ) != 0 || ferror( outfile ) !
= 0) {[] 
 []

[14]
Overfull \hbox (11.99689pt too wide) in paragraph at lines 654--654
[]\OT1/cmtt/m/n/10 #define MSG_NO_ARGS "El programa ha sido invocado sin argume
ntos.\n"[] 
 []


Overfull \hbox (38.24666pt too wide) in paragraph at lines 654--654
[]\OT1/cmtt/m/n/10 #define MSG_NO_FILE "El nombre del archivo a convertir es in
existente.\n"[] 
 []


Overfull \hbox (69.74638pt too wide) in paragraph at lines 654--654
[]\OT1/cmtt/m/n/10 #define MSG_ERR_ARGS "Los argumentos no han sido llamados de
 forma correcta.\n"[] 
 []


Overfull \hbox (962.2386pt too wide) in paragraph at lines 654--654
[]\OT1/cmtt/m/n/10 #define MSG_HELP  "La invocacion debe ser de la forma: [-d] 
-i NOMBRE_ARCHIVO_ORIGEN  -o NOMBRE_ARCHIVO_SALIDA\n   \t-h\tVer Ayuda\n\t-V\tV
ersion Actual\n\t-d\tModo Decodificador\n \t-i\tNombre archivo de entrada\n\t-o
\tNombre archivo de salida\n\n"[] 
 []

[15] [16] (./modelo_informe.aux
LaTeX Info: Redefining \. on input line 6.
LaTeX Info: Redefining \% on input line 6.
) ) 
Here is how much of TeX's memory you used:
 2287 strings out of 494925
 31626 string characters out of 6178544
 96396 words of memory out of 5000000
 5497 multiletter control sequences out of 15000+600000
 9501 words of font info for 34 fonts, out of 8000000 for 9000
 62 hyphenation exceptions out of 8191
 38i,7n,26p,679b,255s stack positions out of 5000i,500n,10000p,200000b,80000s
</usr/share/texlive/texmf-dist/fonts/type1/public/amsfonts/cm/cmbx10.pfb></u
sr/share/texlive/texmf-dist/fonts/type1/public/amsfonts/cm/cmbx12.pfb></usr/sha
re/texlive/texmf-dist/fonts/type1/public/amsfonts/cm/cmr10.pfb></usr/share/texl
ive/texmf-dist/fonts/type1/public/amsfonts/cm/cmr12.pfb></usr/share/texlive/tex
mf-dist/fonts/type1/public/amsfonts/cm/cmr7.pfb></usr/share/texlive/texmf-dist/
fonts/type1/public/amsfonts/cm/cmsy10.pfb></usr/share/texlive/texmf-dist/fonts/
type1/public/amsfonts/cm/cmti12.pfb></usr/share/texlive/texmf-dist/fonts/type1/
public/amsfonts/cm/cmtt10.pfb></usr/share/texlive/texmf-dist/fonts/type1/public
/amsfonts/cm/cmtt12.pfb>
Output written on modelo_informe.pdf (16 pages, 553610 bytes).
PDF statistics:
 104 PDF objects out of 1000 (max. 8388607)
 70 compressed objects within 1 object stream
 0 named destinations out of 1000 (max. 500000)
 16 words of extra memory for PDF output out of 10000 (max. 10000000)

